<?xml version="1.0" encoding="UTF-8" ?>
<testsuite 
errors="0" failures="0" hostname="WNJ0034ALBMKAYL" name="com.verizon.bdcpe.adobelivestream.collector.CollectorSpec" tests="2" time="0.024" timestamp="2017-10-11T08:55:45">
  <properties>
[...]
</properties>
  <testcase 
  name="A Configuration should parse all provided flags" classname="com.verizon.bdcpe.adobelivestream.collector.CollectorSpec" time="0.0">
    <skipped/>
</testcase>
  <testcase 
  name="A Stream Config should hold an Int, and three optional Strings" classname="com.verizon.bdcpe.adobelivestream.collector.CollectorSpec" time="0.0">
    <skipped/>
</testcase>
  <system-out><![CDATA[]]></system-out>
  <system-err><![CDATA[]]></system-err>
</testsuite>
